<?xml version="1.0" encoding="UTF-8"?>
<!-- Generated by org.testng.reporters.JUnitReportReporter -->
<testsuite hostname="LAPTOP-2CD5MR4P" failures="0" tests="3" name="com.ebanking.master.Bdataproviderwithpom" time="25.728" errors="0" timestamp="2022-09-30T22:22:35 AEST" skipped="0">
  <testcase classname="com.ebanking.master.Bdataproviderwithpom" name="Brcr" time="8.487"/>
  <system-out/>
  <testcase classname="com.ebanking.master.Bdataproviderwithpom" name="Brcr" time="8.247"/>
  <system-out/>
  <testcase classname="com.ebanking.master.Bdataproviderwithpom" name="Brcr" time="8.994"/>
  <system-out/>
</testsuite> <!-- com.ebanking.master.Bdataproviderwithpom -->
