<?xml version="1.0" encoding="UTF-8"?>
<!-- Generated by org.testng.reporters.JUnitReportReporter -->
<testsuite hostname="LAPTOP-2CD5MR4P" failures="0" tests="3" name="com.ebanking.master.EmpNG" time="36.142" errors="0" timestamp="2022-09-28T19:01:11 AEST" skipped="0">
  <testcase classname="com.ebanking.master.EmpNG" name="Employee" time="12.418"/>
  <system-out/>
  <testcase classname="com.ebanking.master.EmpNG" name="Employee" time="12.195"/>
  <system-out/>
  <testcase classname="com.ebanking.master.EmpNG" name="Employee" time="11.529"/>
  <system-out/>
</testsuite> <!-- com.ebanking.master.EmpNG -->
