<?xml version="1.0" encoding="UTF-8"?>
<!-- Generated by org.testng.reporters.JUnitReportReporter -->
<testsuite hostname="LAPTOP-2CD5MR4P" failures="0" tests="3" name="com.ebanking.master.BranchNG" time="16.368" errors="0" timestamp="2022-09-28T18:29:55 AEST" skipped="0">
  <testcase classname="com.ebanking.master.BranchNG" name="Branch" time="5.354"/>
  <system-out/>
  <testcase classname="com.ebanking.master.BranchNG" name="Branch" time="5.091"/>
  <system-out/>
  <testcase classname="com.ebanking.master.BranchNG" name="Branch" time="5.923"/>
  <system-out/>
</testsuite> <!-- com.ebanking.master.BranchNG -->
