<?xml version="1.0" encoding="UTF-8"?>
<!-- Generated by org.testng.reporters.JUnitReportReporter -->
<testsuite hostname="LAPTOP-2CD5MR4P" failures="0" tests="1" name="com.ebanking.master.Excelwithpom" time="54.885" errors="0" timestamp="2022-09-30T22:28:46 AEST" skipped="0">
  <testcase classname="com.ebanking.master.Excelwithpom" name="Rolecre" time="54.885"/>
  <system-out/>
</testsuite> <!-- com.ebanking.master.Excelwithpom -->
