<?xml version="1.0" encoding="UTF-8"?>
<!-- Generated by org.testng.reporters.JUnitReportReporter -->
<testsuite hostname="LAPTOP-2CD5MR4P" failures="0" tests="2" name="com.ebanking.scripts.SampleNG" time="48.995" errors="0" timestamp="2022-09-23T19:34:37 AEST" skipped="0">
  <testcase classname="com.ebanking.scripts.SampleNG" name="bcd" time="24.544"/>
  <system-out/>
  <testcase classname="com.ebanking.scripts.SampleNG" name="abc" time="24.451"/>
  <system-out/>
</testsuite> <!-- com.ebanking.scripts.SampleNG -->
