<?xml version="1.0" encoding="UTF-8"?>
<!-- Generated by org.testng.reporters.JUnitReportReporter -->
<testsuite hostname="LAPTOP-2CD5MR4P" failures="0" tests="3" name="com.ebanking.master.Pomexe" time="30.654" errors="0" timestamp="2022-09-30T21:15:04 AEST" skipped="0">
  <testcase classname="com.ebanking.master.Pomexe" name="Rolecre" time="9.358"/>
  <system-out/>
  <testcase classname="com.ebanking.master.Pomexe" name="Rolecre" time="9.516"/>
  <system-out/>
  <testcase classname="com.ebanking.master.Pomexe" name="Rolecre" time="11.780"/>
  <system-out/>
</testsuite> <!-- com.ebanking.master.Pomexe -->
