<?xml version="1.0" encoding="UTF-8"?>
<!-- Generated by org.testng.reporters.JUnitReportReporter -->
<testsuite hostname="LAPTOP-2CD5MR4P" failures="0" tests="3" name="com.ebanking.master.RoleNG" time="10.393" errors="0" timestamp="2022-09-28T18:07:07 AEST" skipped="0">
  <testcase classname="com.ebanking.master.RoleNG" name="Rol" time="3.222"/>
  <system-out/>
  <testcase classname="com.ebanking.master.RoleNG" name="Rol" time="3.457"/>
  <system-out/>
  <testcase classname="com.ebanking.master.RoleNG" name="Rol" time="3.714"/>
  <system-out/>
</testsuite> <!-- com.ebanking.master.RoleNG -->
